{"C:\\Users\\mohan.pathapata\\Solenis\\UI\\Commercial-Pool-IoT-UI\\custom-widgets\\Site-Wise-Consumption-widget\\site-consumption.component.html": {"path":"C:\\Users\\mohan.pathapata\\Solenis\\UI\\Commercial-Pool-IoT-UI\\custom-widgets\\Site-Wise-Consumption-widget\\site-consumption.component.html","statementMap":{"0":{"start":{"line":1,"column":0},"end":{"line":1,"column":21468}}},"fnMap":{},"branchMap":{},"s":{"0":1},"f":{},"b":{},"inputSourceMap":null,"_coverageSchema":"1a1c01bbd47fc00a2c39e90264f33305004495a9","hash":"0335d3a8cf0a615d1bb74e33088e4fc420baaa25"}
,"C:\\Users\\mohan.pathapata\\Solenis\\UI\\Commercial-Pool-IoT-UI\\custom-widgets\\Site-Wise-Consumption-widget\\site-consumption.component.ts": {"path":"C:\\Users\\mohan.pathapata\\Solenis\\UI\\Commercial-Pool-IoT-UI\\custom-widgets\\Site-Wise-Consumption-widget\\site-consumption.component.ts","statementMap":{"0":{"start":{"line":1,"column":0},"end":{"line":1,"column":42}},"1":{"start":{"line":2,"column":0},"end":{"line":2,"column":50}},"2":{"start":{"line":3,"column":0},"end":{"line":3,"column":58}},"3":{"start":{"line":4,"column":0},"end":{"line":4,"column":43}},"4":{"start":{"line":7,"column":0},"end":{"line":7,"column":9}},"5":{"start":{"line":8,"column":0},"end":{"line":8,"column":9}},"6":{"start":{"line":9,"column":0},"end":{"line":9,"column":9}},"7":{"start":{"line":11,"column":0},"end":{"line":11,"column":9}},"8":{"start":{"line":20,"column":34},"end":{"line":84,"column":null}},"9":{"start":{"line":35,"column":16},"end":{"line":35,"column":51}},"10":{"start":{"line":36,"column":16},"end":{"line":36,"column":47}},"11":{"start":{"line":37,"column":16},"end":{"line":37,"column":49}},"12":{"start":{"line":38,"column":16},"end":{"line":38,"column":44}},"13":{"start":{"line":24,"column":4},"end":{"line":24,"column":31}},"14":{"start":{"line":29,"column":4},"end":{"line":29,"column":160}},"15":{"start":{"line":30,"column":4},"end":{"line":30,"column":34}},"16":{"start":{"line":40,"column":8},"end":{"line":43,"column":11}},"17":{"start":{"line":41,"column":12},"end":{"line":41,"column":52}},"18":{"start":{"line":42,"column":12},"end":{"line":42,"column":52}},"19":{"start":{"line":44,"column":8},"end":{"line":44,"column":64}},"20":{"start":{"line":45,"column":8},"end":{"line":45,"column":62}},"21":{"start":{"line":49,"column":8},"end":{"line":51,"column":null}},"22":{"start":{"line":50,"column":12},"end":{"line":50,"column":39}},"23":{"start":{"line":55,"column":8},"end":{"line":55,"column":null}},"24":{"start":{"line":56,"column":8},"end":{"line":56,"column":55}},"25":{"start":{"line":57,"column":8},"end":{"line":57,"column":33}},"26":{"start":{"line":61,"column":6},"end":{"line":61,"column":51}},"27":{"start":{"line":62,"column":6},"end":{"line":62,"column":55}},"28":{"start":{"line":63,"column":6},"end":{"line":63,"column":31}},"29":{"start":{"line":68,"column":8},"end":{"line":73,"column":null}},"30":{"start":{"line":69,"column":12},"end":{"line":72,"column":null}},"31":{"start":{"line":69,"column":22},"end":{"line":69,"column":23}},"32":{"start":{"line":70,"column":14},"end":{"line":70,"column":154}},"33":{"start":{"line":71,"column":14},"end":{"line":71,"column":176}},"34":{"start":{"line":77,"column":8},"end":{"line":81,"column":null}},"35":{"start":{"line":78,"column":12},"end":{"line":80,"column":null}},"36":{"start":{"line":78,"column":22},"end":{"line":78,"column":23}},"37":{"start":{"line":79,"column":16},"end":{"line":79,"column":162}},"38":{"start":{"line":20,"column":13},"end":{"line":84,"column":null}},"39":{"start":{"line":20,"column":13},"end":{"line":20,"column":34}}},"fnMap":{"0":{"name":"(anonymous_1)","decl":{"start":{"line":34,"column":4},"end":{"line":34,"column":null}},"loc":{"start":{"line":38,"column":44},"end":{"line":46,"column":5}}},"1":{"name":"(anonymous_2)","decl":{"start":{"line":40,"column":49},"end":{"line":40,"column":57}},"loc":{"start":{"line":40,"column":59},"end":{"line":43,"column":9}}},"2":{"name":"(anonymous_3)","decl":{"start":{"line":48,"column":4},"end":{"line":48,"column":12}},"loc":{"start":{"line":48,"column":12},"end":{"line":52,"column":5}}},"3":{"name":"(anonymous_4)","decl":{"start":{"line":49,"column":58},"end":{"line":49,"column":61}},"loc":{"start":{"line":49,"column":64},"end":{"line":51,"column":9}}},"4":{"name":"(anonymous_5)","decl":{"start":{"line":54,"column":6},"end":{"line":54,"column":21}},"loc":{"start":{"line":54,"column":36},"end":{"line":58,"column":5}}},"5":{"name":"(anonymous_6)","decl":{"start":{"line":60,"column":4},"end":{"line":60,"column":19}},"loc":{"start":{"line":60,"column":34},"end":{"line":65,"column":5}}},"6":{"name":"(anonymous_7)","decl":{"start":{"line":67,"column":4},"end":{"line":67,"column":18}},"loc":{"start":{"line":67,"column":28},"end":{"line":74,"column":5}}},"7":{"name":"(anonymous_8)","decl":{"start":{"line":76,"column":4},"end":{"line":76,"column":18}},"loc":{"start":{"line":76,"column":28},"end":{"line":82,"column":5}}}},"branchMap":{"0":{"loc":{"start":{"line":68,"column":8},"end":{"line":73,"column":null}},"type":"if","locations":[{"start":{"line":68,"column":8},"end":{"line":73,"column":null}}]},"1":{"loc":{"start":{"line":77,"column":8},"end":{"line":81,"column":null}},"type":"if","locations":[{"start":{"line":77,"column":8},"end":{"line":81,"column":null}}]}},"s":{"0":1,"1":1,"2":1,"3":1,"4":1,"5":1,"6":1,"7":1,"8":1,"9":6,"10":6,"11":6,"12":6,"13":6,"14":6,"15":6,"16":6,"17":6,"18":6,"19":6,"20":6,"21":1,"22":1,"23":0,"24":0,"25":0,"26":0,"27":0,"28":0,"29":0,"30":0,"31":0,"32":0,"33":0,"34":0,"35":0,"36":0,"37":0,"38":1,"39":1},"f":{"0":6,"1":6,"2":1,"3":1,"4":0,"5":0,"6":0,"7":0},"b":{"0":[0],"1":[0]}}
,"C:\\Users\\mohan.pathapata\\Solenis\\UI\\Commercial-Pool-IoT-UI\\shared\\appSettings\\app-setting.service.ts": {"path":"C:\\Users\\mohan.pathapata\\Solenis\\UI\\Commercial-Pool-IoT-UI\\shared\\appSettings\\app-setting.service.ts","statementMap":{"0":{"start":{"line":1,"column":0},"end":{"line":1,"column":43}},"1":{"start":{"line":2,"column":0},"end":{"line":2,"column":55}},"2":{"start":{"line":3,"column":0},"end":{"line":3,"column":44}},"3":{"start":{"line":8,"column":31},"end":{"line":15,"column":null}},"4":{"start":{"line":9,"column":2},"end":{"line":9,"column":55}},"5":{"start":{"line":12,"column":21},"end":{"line":12,"column":38}},"6":{"start":{"line":13,"column":6},"end":{"line":13,"column":39}},"7":{"start":{"line":8,"column":13},"end":{"line":15,"column":null}},"8":{"start":{"line":8,"column":13},"end":{"line":8,"column":31}}},"fnMap":{"0":{"name":"(anonymous_2)","decl":{"start":{"line":11,"column":2},"end":{"line":11,"column":13}},"loc":{"start":{"line":11,"column":13},"end":{"line":14,"column":3}}}},"branchMap":{},"s":{"0":1,"1":1,"2":1,"3":1,"4":6,"5":18,"6":18,"7":1,"8":1},"f":{"0":18},"b":{}}
,"C:\\Users\\mohan.pathapata\\Solenis\\UI\\Commercial-Pool-IoT-UI\\shared\\appSettings\\appSettings.ts": {"path":"C:\\Users\\mohan.pathapata\\Solenis\\UI\\Commercial-Pool-IoT-UI\\shared\\appSettings\\appSettings.ts","statementMap":{"0":{"start":{"line":2,"column":4},"end":{"line":6,"column":6}},"1":{"start":{"line":7,"column":4},"end":{"line":7,"column":26}},"2":{"start":{"line":8,"column":4},"end":{"line":11,"column":6}},"3":{"start":{"line":12,"column":4},"end":{"line":12,"column":27}},"4":{"start":{"line":14,"column":4},"end":{"line":19,"column":6}},"5":{"start":{"line":20,"column":4},"end":{"line":28,"column":6}},"6":{"start":{"line":30,"column":4},"end":{"line":43,"column":null}},"7":{"start":{"line":1,"column":0},"end":{"line":1,"column":13}}},"fnMap":{"0":{"name":"(anonymous_0)","decl":{"start":{"line":1,"column":0},"end":{"line":1,"column":13}},"loc":{"start":{"line":1,"column":0},"end":{"line":44,"column":1}}}},"branchMap":{},"s":{"0":18,"1":18,"2":18,"3":18,"4":18,"5":18,"6":18,"7":1},"f":{"0":18},"b":{}}
,"C:\\Users\\mohan.pathapata\\Solenis\\UI\\Commercial-Pool-IoT-UI\\shared\\converter\\solid\\solid-selected.service.ts": {"path":"C:\\Users\\mohan.pathapata\\Solenis\\UI\\Commercial-Pool-IoT-UI\\shared\\converter\\solid\\solid-selected.service.ts","statementMap":{"0":{"start":{"line":1,"column":0},"end":{"line":1,"column":43}},"1":{"start":{"line":3,"column":0},"end":{"line":3,"column":39}},"2":{"start":{"line":4,"column":0},"end":{"line":4,"column":9}},"3":{"start":{"line":10,"column":33},"end":{"line":28,"column":null}},"4":{"start":{"line":14,"column":24},"end":{"line":14,"column":54}},"5":{"start":{"line":12,"column":11},"end":{"line":12,"column":59}},"6":{"start":{"line":15,"column":8},"end":{"line":17,"column":null}},"7":{"start":{"line":16,"column":12},"end":{"line":16,"column":61}},"8":{"start":{"line":21,"column":8},"end":{"line":21,"column":40}},"9":{"start":{"line":25,"column":8},"end":{"line":25,"column":45}},"10":{"start":{"line":10,"column":13},"end":{"line":28,"column":null}},"11":{"start":{"line":10,"column":13},"end":{"line":10,"column":33}}},"fnMap":{"0":{"name":"(anonymous_1)","decl":{"start":{"line":14,"column":4},"end":{"line":14,"column":24}},"loc":{"start":{"line":14,"column":54},"end":{"line":18,"column":5}}},"1":{"name":"(anonymous_2)","decl":{"start":{"line":15,"column":49},"end":{"line":15,"column":50}},"loc":{"start":{"line":15,"column":61},"end":{"line":17,"column":9}}},"2":{"name":"(anonymous_3)","decl":{"start":{"line":20,"column":4},"end":{"line":20,"column":25}},"loc":{"start":{"line":20,"column":40},"end":{"line":22,"column":5}}},"3":{"name":"(anonymous_4)","decl":{"start":{"line":24,"column":4},"end":{"line":24,"column":20}},"loc":{"start":{"line":24,"column":20},"end":{"line":26,"column":5}}}},"branchMap":{},"s":{"0":1,"1":1,"2":1,"3":1,"4":6,"5":6,"6":6,"7":6,"8":0,"9":6,"10":1,"11":1},"f":{"0":6,"1":6,"2":0,"3":6},"b":{}}
,"C:\\Users\\mohan.pathapata\\Solenis\\UI\\Commercial-Pool-IoT-UI\\shared\\converter\\volume\\volume-selected.service.ts": {"path":"C:\\Users\\mohan.pathapata\\Solenis\\UI\\Commercial-Pool-IoT-UI\\shared\\converter\\volume\\volume-selected.service.ts","statementMap":{"0":{"start":{"line":1,"column":0},"end":{"line":1,"column":43}},"1":{"start":{"line":3,"column":0},"end":{"line":3,"column":39}},"2":{"start":{"line":4,"column":0},"end":{"line":4,"column":9}},"3":{"start":{"line":10,"column":34},"end":{"line":28,"column":null}},"4":{"start":{"line":14,"column":24},"end":{"line":14,"column":54}},"5":{"start":{"line":12,"column":11},"end":{"line":12,"column":60}},"6":{"start":{"line":15,"column":8},"end":{"line":17,"column":null}},"7":{"start":{"line":16,"column":12},"end":{"line":16,"column":62}},"8":{"start":{"line":21,"column":8},"end":{"line":21,"column":41}},"9":{"start":{"line":25,"column":8},"end":{"line":25,"column":46}},"10":{"start":{"line":10,"column":13},"end":{"line":28,"column":null}},"11":{"start":{"line":10,"column":13},"end":{"line":10,"column":34}}},"fnMap":{"0":{"name":"(anonymous_1)","decl":{"start":{"line":14,"column":4},"end":{"line":14,"column":24}},"loc":{"start":{"line":14,"column":54},"end":{"line":18,"column":5}}},"1":{"name":"(anonymous_2)","decl":{"start":{"line":15,"column":49},"end":{"line":15,"column":50}},"loc":{"start":{"line":15,"column":61},"end":{"line":17,"column":9}}},"2":{"name":"(anonymous_3)","decl":{"start":{"line":20,"column":4},"end":{"line":20,"column":26}},"loc":{"start":{"line":20,"column":41},"end":{"line":22,"column":5}}},"3":{"name":"(anonymous_4)","decl":{"start":{"line":24,"column":4},"end":{"line":24,"column":21}},"loc":{"start":{"line":24,"column":21},"end":{"line":26,"column":5}}}},"branchMap":{},"s":{"0":1,"1":1,"2":1,"3":1,"4":6,"5":6,"6":6,"7":6,"8":0,"9":6,"10":1,"11":1},"f":{"0":6,"1":6,"2":0,"3":6},"b":{}}
,"C:\\Users\\mohan.pathapata\\Solenis\\UI\\Commercial-Pool-IoT-UI\\shared\\service\\custom.service.ts": {"path":"C:\\Users\\mohan.pathapata\\Solenis\\UI\\Commercial-Pool-IoT-UI\\shared\\service\\custom.service.ts","statementMap":{"0":{"start":{"line":1,"column":0},"end":{"line":1,"column":43}},"1":{"start":{"line":2,"column":0},"end":{"line":2,"column":54}},"2":{"start":{"line":4,"column":0},"end":{"line":4,"column":64}},"3":{"start":{"line":9,"column":26},"end":{"line":59,"column":null}},"4":{"start":{"line":11,"column":12},"end":{"line":11,"column":82}},"5":{"start":{"line":12,"column":4},"end":{"line":12,"column":75}},"6":{"start":{"line":18,"column":8},"end":{"line":18,"column":null}},"7":{"start":{"line":22,"column":8},"end":{"line":22,"column":null}},"8":{"start":{"line":26,"column":8},"end":{"line":56,"column":null}},"9":{"start":{"line":28,"column":14},"end":{"line":28,"column":null}},"10":{"start":{"line":29,"column":14},"end":{"line":29,"column":20}},"11":{"start":{"line":31,"column":14},"end":{"line":31,"column":null}},"12":{"start":{"line":32,"column":14},"end":{"line":32,"column":20}},"13":{"start":{"line":34,"column":13},"end":{"line":38,"column":null}},"14":{"start":{"line":35,"column":16},"end":{"line":35,"column":null}},"15":{"start":{"line":36,"column":19},"end":{"line":38,"column":null}},"16":{"start":{"line":37,"column":16},"end":{"line":37,"column":null}},"17":{"start":{"line":39,"column":13},"end":{"line":39,"column":19}},"18":{"start":{"line":41,"column":14},"end":{"line":45,"column":null}},"19":{"start":{"line":42,"column":18},"end":{"line":42,"column":null}},"20":{"start":{"line":43,"column":20},"end":{"line":45,"column":null}},"21":{"start":{"line":44,"column":18},"end":{"line":44,"column":null}},"22":{"start":{"line":46,"column":14},"end":{"line":46,"column":20}},"23":{"start":{"line":48,"column":14},"end":{"line":52,"column":null}},"24":{"start":{"line":49,"column":18},"end":{"line":49,"column":null}},"25":{"start":{"line":50,"column":20},"end":{"line":52,"column":null}},"26":{"start":{"line":51,"column":18},"end":{"line":51,"column":null}},"27":{"start":{"line":53,"column":14},"end":{"line":53,"column":20}},"28":{"start":{"line":9,"column":13},"end":{"line":59,"column":null}},"29":{"start":{"line":9,"column":13},"end":{"line":9,"column":26}}},"fnMap":{"0":{"name":"(anonymous_8)","decl":{"start":{"line":17,"column":4},"end":{"line":17,"column":22}},"loc":{"start":{"line":17,"column":22},"end":{"line":19,"column":5}}},"1":{"name":"(anonymous_9)","decl":{"start":{"line":21,"column":4},"end":{"line":21,"column":25}},"loc":{"start":{"line":21,"column":41},"end":{"line":23,"column":5}}},"2":{"name":"(anonymous_10)","decl":{"start":{"line":25,"column":4},"end":{"line":25,"column":20}},"loc":{"start":{"line":25,"column":52},"end":{"line":58,"column":5}}}},"branchMap":{"0":{"loc":{"start":{"line":26,"column":8},"end":{"line":56,"column":null}},"type":"switch","locations":[{"start":{"line":27,"column":10},"end":{"line":29,"column":20}},{"start":{"line":30,"column":10},"end":{"line":32,"column":20}},{"start":{"line":33,"column":10},"end":{"line":39,"column":19}},{"start":{"line":40,"column":10},"end":{"line":46,"column":20}},{"start":{"line":47,"column":10},"end":{"line":53,"column":20}},{"start":{"line":54,"column":10},"end":{"line":54,"column":18}}]},"1":{"loc":{"start":{"line":34,"column":13},"end":{"line":38,"column":null}},"type":"if","locations":[{"start":{"line":34,"column":13},"end":{"line":38,"column":null}},{"start":{"line":36,"column":19},"end":{"line":38,"column":null}}]},"2":{"loc":{"start":{"line":36,"column":19},"end":{"line":38,"column":null}},"type":"if","locations":[{"start":{"line":36,"column":19},"end":{"line":38,"column":null}}]},"3":{"loc":{"start":{"line":41,"column":14},"end":{"line":45,"column":null}},"type":"if","locations":[{"start":{"line":41,"column":14},"end":{"line":45,"column":null}},{"start":{"line":43,"column":20},"end":{"line":45,"column":null}}]},"4":{"loc":{"start":{"line":43,"column":20},"end":{"line":45,"column":null}},"type":"if","locations":[{"start":{"line":43,"column":20},"end":{"line":45,"column":null}}]},"5":{"loc":{"start":{"line":48,"column":14},"end":{"line":52,"column":null}},"type":"if","locations":[{"start":{"line":48,"column":14},"end":{"line":52,"column":null}},{"start":{"line":50,"column":20},"end":{"line":52,"column":null}}]},"6":{"loc":{"start":{"line":50,"column":20},"end":{"line":52,"column":null}},"type":"if","locations":[{"start":{"line":50,"column":20},"end":{"line":52,"column":null}}]}},"s":{"0":1,"1":1,"2":1,"3":1,"4":6,"5":6,"6":1,"7":0,"8":0,"9":0,"10":0,"11":0,"12":0,"13":0,"14":0,"15":0,"16":0,"17":0,"18":0,"19":0,"20":0,"21":0,"22":0,"23":0,"24":0,"25":0,"26":0,"27":0,"28":1,"29":1},"f":{"0":1,"1":0,"2":0},"b":{"0":[0,0,0,0,0,0],"1":[0,0],"2":[0],"3":[0,0],"4":[0],"5":[0,0],"6":[0]}}
}
