TN:
SF:custom-widgets\Site-Wise-Consumption-widget\site-consumption.component.html
FNF:0
FNH:0
DA:1,1
LF:1
LH:1
BRF:0
BRH:0
end_of_record
TN:
SF:custom-widgets\Site-Wise-Consumption-widget\site-consumption.component.ts
FN:34,(anonymous_1)
FN:40,(anonymous_2)
FN:48,(anonymous_3)
FN:49,(anonymous_4)
FN:54,(anonymous_5)
FN:60,(anonymous_6)
FN:67,(anonymous_7)
FN:76,(anonymous_8)
FNF:8
FNH:4
FNDA:6,(anonymous_1)
FNDA:6,(anonymous_2)
FNDA:1,(anonymous_3)
FNDA:1,(anonymous_4)
FNDA:0,(anonymous_5)
FNDA:0,(anonymous_6)
FNDA:0,(anonymous_7)
FNDA:0,(anonymous_8)
DA:1,1
DA:2,1
DA:3,1
DA:4,1
DA:7,1
DA:8,1
DA:9,1
DA:11,1
DA:20,1
DA:24,6
DA:29,6
DA:30,6
DA:35,6
DA:36,6
DA:37,6
DA:38,6
DA:40,6
DA:41,6
DA:42,6
DA:44,6
DA:45,6
DA:49,1
DA:50,1
DA:55,0
DA:56,0
DA:57,0
DA:61,0
DA:62,0
DA:63,0
DA:68,0
DA:69,0
DA:70,0
DA:71,0
DA:77,0
DA:78,0
DA:79,0
LF:36
LH:23
BRDA:68,0,0,0
BRDA:77,1,0,0
BRF:2
BRH:0
end_of_record
TN:
SF:shared\appSettings\app-setting.service.ts
FN:11,(anonymous_2)
FNF:1
FNH:1
FNDA:18,(anonymous_2)
DA:1,1
DA:2,1
DA:3,1
DA:8,1
DA:9,6
DA:12,18
DA:13,18
LF:7
LH:7
BRF:0
BRH:0
end_of_record
TN:
SF:shared\appSettings\appSettings.ts
FN:1,(anonymous_0)
FNF:1
FNH:1
FNDA:18,(anonymous_0)
DA:1,1
DA:2,18
DA:7,18
DA:8,18
DA:12,18
DA:14,18
DA:20,18
DA:30,18
LF:8
LH:8
BRF:0
BRH:0
end_of_record
TN:
SF:shared\converter\solid\solid-selected.service.ts
FN:14,(anonymous_1)
FN:15,(anonymous_2)
FN:20,(anonymous_3)
FN:24,(anonymous_4)
FNF:4
FNH:3
FNDA:6,(anonymous_1)
FNDA:6,(anonymous_2)
FNDA:0,(anonymous_3)
FNDA:6,(anonymous_4)
DA:1,1
DA:3,1
DA:4,1
DA:10,1
DA:12,6
DA:14,6
DA:15,6
DA:16,6
DA:21,0
DA:25,6
LF:10
LH:9
BRF:0
BRH:0
end_of_record
TN:
SF:shared\converter\volume\volume-selected.service.ts
FN:14,(anonymous_1)
FN:15,(anonymous_2)
FN:20,(anonymous_3)
FN:24,(anonymous_4)
FNF:4
FNH:3
FNDA:6,(anonymous_1)
FNDA:6,(anonymous_2)
FNDA:0,(anonymous_3)
FNDA:6,(anonymous_4)
DA:1,1
DA:3,1
DA:4,1
DA:10,1
DA:12,6
DA:14,6
DA:15,6
DA:16,6
DA:21,0
DA:25,6
LF:10
LH:9
BRF:0
BRH:0
end_of_record
TN:
SF:shared\service\custom.service.ts
FN:17,(anonymous_8)
FN:21,(anonymous_9)
FN:25,(anonymous_10)
FNF:3
FNH:1
FNDA:1,(anonymous_8)
FNDA:0,(anonymous_9)
FNDA:0,(anonymous_10)
DA:1,1
DA:2,1
DA:4,1
DA:9,1
DA:11,6
DA:12,6
DA:18,1
DA:22,0
DA:26,0
DA:28,0
DA:29,0
DA:31,0
DA:32,0
DA:34,0
DA:35,0
DA:36,0
DA:37,0
DA:39,0
DA:41,0
DA:42,0
DA:43,0
DA:44,0
DA:46,0
DA:48,0
DA:49,0
DA:50,0
DA:51,0
DA:53,0
LF:28
LH:7
BRDA:26,0,0,0
BRDA:26,0,1,0
BRDA:26,0,2,0
BRDA:26,0,3,0
BRDA:26,0,4,0
BRDA:26,0,5,0
BRDA:34,1,0,0
BRDA:34,1,1,0
BRDA:36,2,0,0
BRDA:41,3,0,0
BRDA:41,3,1,0
BRDA:43,4,0,0
BRDA:48,5,0,0
BRDA:48,5,1,0
BRDA:50,6,0,0
BRF:15
BRH:0
end_of_record
